<?xml version="1.0" encoding="UTF-8"?>
<testExecutions version="1">
  <file path="/home/safiak/SK_ZEMOSOLABS/Training/ReactAssignment/blinkist-TS-app_V7/src/components/molecules/SynopsisBar/SynopsisBar.test.tsx">
    <testCase name="Testing SynopsisBar" duration="90"/>
    <testCase name="Testing SynopsisBar Tab-1" duration="19"/>
    <testCase name="Testing SynopsisBar Tab-2" duration="18"/>
    <testCase name="Testing SynopsisBar Tab-3" duration="27"/>
  </file>
  <file path="/home/safiak/SK_ZEMOSOLABS/Training/ReactAssignment/blinkist-TS-app_V7/src/components/organisms/Footer/Footer.test.tsx">
    <testCase name="Testing Footer" duration="111"/>
    <testCase name="Testing Footer Content" duration="43"/>
    <testCase name="Testing Footer Logo" duration="47"/>
    <testCase name="Testing Footer Caption1" duration="31"/>
    <testCase name="Testing Footer Editorial" duration="41"/>
    <testCase name="Testing Footer Book lists" duration="33"/>
    <testCase name="Testing Footer Nonfiction" duration="27"/>
    <testCase name="Testing Footer next read" duration="31"/>
    <testCase name="Testing Footer Benefits of reading" duration="27"/>
    <testCase name="Testing Footer Useful links" duration="25"/>
    <testCase name="Testing Footer Blinkist business" duration="32"/>
    <testCase name="Testing Footer Pricing" duration="26"/>
    <testCase name="Testing Footer Company" duration="24"/>
    <testCase name="Testing Footer About" duration="21"/>
    <testCase name="Testing Footer Careers" duration="22"/>
    <testCase name="Testing Footer caption2" duration="24"/>
  </file>
  <file path="/home/safiak/SK_ZEMOSOLABS/Training/ReactAssignment/blinkist-TS-app_V7/src/components/organisms/Header/Header.test.tsx">
    <testCase name="should render seacrh icon" duration="477"/>
    <testCase name="should render Logo icon" duration="110"/>
    <testCase name="should render Home" duration="103"/>
    <testCase name="should render Explore" duration="96"/>
    <testCase name="should render My Library" duration="97"/>
  </file>
  <file path="/home/safiak/SK_ZEMOSOLABS/Training/ReactAssignment/blinkist-TS-app_V7/src/pages/Login/Login.test.tsx">
    <testCase name="Testing Login Page" duration="163"/>
  </file>
  <file path="/home/safiak/SK_ZEMOSOLABS/Training/ReactAssignment/blinkist-TS-app_V7/src/components/organisms/BookCard/BookCardBar/BookCarBar.test.tsx">
    <testCase name="Testing BookCardBar" duration="89"/>
    <testCase name="Testing BookCardBar bookCardDiv" duration="42"/>
    <testCase name="Testing BookCardBar Title" duration="30"/>
    <testCase name="Testing BookCardBar Author" duration="25"/>
    <testCase name="Testing BookCardBar UserIcon" duration="27"/>
    <testCase name="Testing BookCardBar Views" duration="22"/>
    <testCase name="Testing BookCardBar TimeIcon" duration="25"/>
    <testCase name="Testing BookCardBar Duration" duration="51"/>
    <testCase name="Testing BookCardBar Read Again" duration="36"/>
    <testCase name="Testing BookCardBar ProgressBar" duration="31"/>
  </file>
  <file path="/home/safiak/SK_ZEMOSOLABS/Training/ReactAssignment/blinkist-TS-app_V7/src/components/organisms/HeaderDropDown/HeaderDropDown.test.tsx">
    <testCase name="Testing HeaderDropDown Explore" duration="365"/>
    <testCase name="Testing HeaderDropDown recently" duration="108"/>
    <testCase name="Testing HeaderDropDown popular" duration="86"/>
  </file>
  <file path="/home/safiak/SK_ZEMOSOLABS/Training/ReactAssignment/blinkist-TS-app_V7/src/pages/Blink/Blink.test.tsx">
    <testCase name="Testing Blink Page" duration="200"/>
    <testCase name="Testing Blink Page Get the key ideas" duration="56"/>
    <testCase name="Testing Blink Page extension" duration="55"/>
    <testCase name="Testing Blink Page Turning Your Business" duration="54"/>
    <testCase name="Testing Blink Page Author" duration="61"/>
    <testCase name="Testing Blink Page Views" duration="46"/>
    <testCase name="Testing Blink Page Duration" duration="45"/>
    <testCase name="Testing Blink Page Read Again" duration="46"/>
    <testCase name="Testing Blink Page Send to Kindle" duration="51"/>
    <testCase name="Testing Blink Page SynopsisBar" duration="46"/>
  </file>
  <file path="/home/safiak/SK_ZEMOSOLABS/Training/ReactAssignment/blinkist-TS-app_V7/src/App.test.tsx">
    <testCase name="Testing App Login Page" duration="635"/>
    <testCase name="Testing App Page" duration="246"/>
  </file>
  <file path="/home/safiak/SK_ZEMOSOLABS/Training/ReactAssignment/blinkist-TS-app_V7/src/components/molecules/Banner/Banner.test.tsx">
    <testCase name="Testing Banner" duration="150"/>
    <testCase name="Testing Banner Title" duration="30"/>
    <testCase name="Testing Banner Description" duration="22"/>
    <testCase name="Testing Banner Image" duration="34"/>
  </file>
  <file path="/home/safiak/SK_ZEMOSOLABS/Training/ReactAssignment/blinkist-TS-app_V7/src/pages/Explore/Explore.test.tsx">
    <testCase name="Testing Explore Page" duration="596"/>
    <testCase name="Testing Explore Banner" duration="282"/>
    <testCase name="Testing Explore SearchBar" duration="267"/>
    <testCase name="Testing Explore Trending" duration="170"/>
    <testCase name="Testing Explore BookCardBar" duration="198"/>
  </file>
  <file path="/home/safiak/SK_ZEMOSOLABS/Training/ReactAssignment/blinkist-TS-app_V7/src/components/molecules/Button/Secondary/Secondary.test.tsx">
    <testCase name="renders learn react link" duration="50"/>
  </file>
  <file path="/home/safiak/SK_ZEMOSOLABS/Training/ReactAssignment/blinkist-TS-app_V7/src/components/molecules/Tabs/Tabs.test.tsx">
    <testCase name="Testing Tabs" duration="49"/>
    <testCase name="Testing Tabs Tab-1" duration="12"/>
    <testCase name="Testing Tabs Tab-2" duration="29"/>
  </file>
  <file path="/home/safiak/SK_ZEMOSOLABS/Training/ReactAssignment/blinkist-TS-app_V7/src/components/molecules/Button/Primary/Primary.test.tsx">
    <testCase name="renders learn react link" duration="55"/>
  </file>
  <file path="/home/safiak/SK_ZEMOSOLABS/Training/ReactAssignment/blinkist-TS-app_V7/src/components/molecules/NavMenuLink/NavMenuLink.test.tsx">
    <testCase name="Testing NavMenuLink" duration="48"/>
  </file>
  <file path="/home/safiak/SK_ZEMOSOLABS/Training/ReactAssignment/blinkist-TS-app_V7/src/components/organisms/BookCard/BookCardButton/BookCardButton.test.tsx">
    <testCase name="Testing BookCardButton" duration="76"/>
  </file>
  <file path="/home/safiak/SK_ZEMOSOLABS/Training/ReactAssignment/blinkist-TS-app_V7/src/pages/Library/Library.test.tsx">
    <testCase name="Testing Library Page" duration="75"/>
    <testCase name="Testing Library container" duration="45"/>
    <testCase name="Testing Library PageTitle" duration="25"/>
    <testCase name="Testing Library Tabs" duration="18"/>
    <testCase name="Testing Library bookCardList" duration="17"/>
  </file>
  <file path="/home/safiak/SK_ZEMOSOLABS/Training/ReactAssignment/blinkist-TS-app_V7/src/components/atoms/PageTitle/PageTitle.test.tsx">
    <testCase name="renders learn react link" duration="69"/>
  </file>
  <file path="/home/safiak/SK_ZEMOSOLABS/Training/ReactAssignment/blinkist-TS-app_V7/src/components/atoms/icons/Education/Education.test.tsx">
    <testCase name="Testing Education" duration="3"/>
  </file>
  <file path="/home/safiak/SK_ZEMOSOLABS/Training/ReactAssignment/blinkist-TS-app_V7/src/components/atoms/ProgressBar/ProgressBar.test.tsx">
    <testCase name="Testing Progress" duration="34"/>
    <testCase name="Testing Progress Bar" duration="7"/>
  </file>
  <file path="/home/safiak/SK_ZEMOSOLABS/Training/ReactAssignment/blinkist-TS-app_V7/src/components/atoms/icons/Nature/Nature.test.tsx">
    <testCase name="Testing Nature" duration="3"/>
  </file>
  <file path="/home/safiak/SK_ZEMOSOLABS/Training/ReactAssignment/blinkist-TS-app_V7/src/components/molecules/SearchBar/SearchBar.test.tsx">
    <testCase name="Testing Progress" duration="74"/>
    <testCase name="Testing Progress Bar" duration="65"/>
  </file>
  <file path="/home/safiak/SK_ZEMOSOLABS/Training/ReactAssignment/blinkist-TS-app_V7/src/components/atoms/icons/History/History.test.tsx">
    <testCase name="Testing History" duration="2"/>
  </file>
  <file path="/home/safiak/SK_ZEMOSOLABS/Training/ReactAssignment/blinkist-TS-app_V7/src/components/atoms/icons/Productivity/Productivity.test.tsx">
    <testCase name="Testing Productivity" duration="3"/>
  </file>
  <file path="/home/safiak/SK_ZEMOSOLABS/Training/ReactAssignment/blinkist-TS-app_V7/src/components/atoms/icons/PersonalDevelopment/PersonalDevelopment.test.tsx">
    <testCase name="Testing PersonalDevelopment" duration="3"/>
  </file>
  <file path="/home/safiak/SK_ZEMOSOLABS/Training/ReactAssignment/blinkist-TS-app_V7/src/components/atoms/icons/Communication/Communication.test.tsx">
    <testCase name="Testing Communication" duration="3"/>
  </file>
  <file path="/home/safiak/SK_ZEMOSOLABS/Training/ReactAssignment/blinkist-TS-app_V7/src/components/atoms/icons/Building/Building.test.tsx">
    <testCase name="Testing Building" duration="3"/>
  </file>
  <file path="/home/safiak/SK_ZEMOSOLABS/Training/ReactAssignment/blinkist-TS-app_V7/src/components/atoms/icons/Psychology/Psychology.test.tsx">
    <testCase name="Testing Psychology" duration="3"/>
  </file>
  <file path="/home/safiak/SK_ZEMOSOLABS/Training/ReactAssignment/blinkist-TS-app_V7/src/components/atoms/icons/Carrier/Carrier.test.tsx">
    <testCase name="Testing Carrier" duration="4"/>
  </file>
  <file path="/home/safiak/SK_ZEMOSOLABS/Training/ReactAssignment/blinkist-TS-app_V7/src/components/atoms/icons/Add/Add.test.tsx">
    <testCase name="Testing Building" duration="2"/>
  </file>
  <file path="/home/safiak/SK_ZEMOSOLABS/Training/ReactAssignment/blinkist-TS-app_V7/src/components/atoms/icons/Flask/Flask.test.tsx">
    <testCase name="Testing Flask" duration="3"/>
  </file>
  <file path="/home/safiak/SK_ZEMOSOLABS/Training/ReactAssignment/blinkist-TS-app_V7/src/components/atoms/icons/Relationship/Relationship.test.tsx">
    <testCase name="Testing Relationship" duration="3"/>
  </file>
  <file path="/home/safiak/SK_ZEMOSOLABS/Training/ReactAssignment/blinkist-TS-app_V7/src/components/atoms/icons/User/User.test.tsx">
    <testCase name="Testing User" duration="3"/>
  </file>
  <file path="/home/safiak/SK_ZEMOSOLABS/Training/ReactAssignment/blinkist-TS-app_V7/src/components/atoms/icons/Entrepreneurship/Entrepreneurship.test.tsx">
    <testCase name="Testing Entrepreneurship" duration="2"/>
  </file>
  <file path="/home/safiak/SK_ZEMOSOLABS/Training/ReactAssignment/blinkist-TS-app_V7/src/pages/Home/Home.test.tsx">
    <testCase name="Testing Home" duration="36"/>
  </file>
  <file path="/home/safiak/SK_ZEMOSOLABS/Training/ReactAssignment/blinkist-TS-app_V7/src/components/atoms/Logo/Logo.test.tsx">
    <testCase name="Testing Logo" duration="4"/>
  </file>
  <file path="/home/safiak/SK_ZEMOSOLABS/Training/ReactAssignment/blinkist-TS-app_V7/src/components/atoms/icons/Money/Money.test.tsx">
    <testCase name="Testing Money" duration="2"/>
  </file>
  <file path="/home/safiak/SK_ZEMOSOLABS/Training/ReactAssignment/blinkist-TS-app_V7/src/components/atoms/icons/Stats/Stats.test.tsx">
    <testCase name="Testing Stats" duration="2"/>
  </file>
  <file path="/home/safiak/SK_ZEMOSOLABS/Training/ReactAssignment/blinkist-TS-app_V7/src/components/atoms/icons/Ellipse/Ellipse.test.tsx">
    <testCase name="Testing Ellipse" duration="3"/>
  </file>
  <file path="/home/safiak/SK_ZEMOSOLABS/Training/ReactAssignment/blinkist-TS-app_V7/src/components/atoms/icons/Health/Health.test.tsx">
    <testCase name="Testing Health" duration="3"/>
  </file>
  <file path="/home/safiak/SK_ZEMOSOLABS/Training/ReactAssignment/blinkist-TS-app_V7/src/components/atoms/icons/Corporate/Corporate.test.tsx">
    <testCase name="Testing Corporate" duration="2"/>
  </file>
  <file path="/home/safiak/SK_ZEMOSOLABS/Training/ReactAssignment/blinkist-TS-app_V7/src/components/atoms/icons/BannerIcon/BannerIcon.test.tsx">
    <testCase name="Testing BannerIcon" duration="3"/>
  </file>
  <file path="/home/safiak/SK_ZEMOSOLABS/Training/ReactAssignment/blinkist-TS-app_V7/src/components/atoms/icons/Economics/Economics.test.tsx">
    <testCase name="Testing Economics" duration="3"/>
  </file>
  <file path="/home/safiak/SK_ZEMOSOLABS/Training/ReactAssignment/blinkist-TS-app_V7/src/components/atoms/icons/Motivation/Motivation.test.tsx">
    <testCase name="Testing Motivation" duration="3"/>
  </file>
  <file path="/home/safiak/SK_ZEMOSOLABS/Training/ReactAssignment/blinkist-TS-app_V7/src/components/atoms/icons/TimeIcon/TimeIcon.test.tsx">
    <testCase name="Testing History" duration="2"/>
  </file>
  <file path="/home/safiak/SK_ZEMOSOLABS/Training/ReactAssignment/blinkist-TS-app_V7/src/components/atoms/icons/CaretDown/CaretDown.test.tsx">
    <testCase name="something" duration="2"/>
  </file>
  <file path="/home/safiak/SK_ZEMOSOLABS/Training/ReactAssignment/blinkist-TS-app_V7/src/components/atoms/icons/Dots/Dots.test.tsx">
    <testCase name="Testing Dots" duration="2"/>
  </file>
  <file path="/home/safiak/SK_ZEMOSOLABS/Training/ReactAssignment/blinkist-TS-app_V7/src/components/atoms/icons/ArrowRight/ArrowRight.test.tsx">
    <testCase name="Testing ArrowRight" duration="2"/>
  </file>
  <file path="/home/safiak/SK_ZEMOSOLABS/Training/ReactAssignment/blinkist-TS-app_V7/src/components/atoms/icons/Search/Search.test.tsx">
    <testCase name="Testing Search" duration="2"/>
  </file>
</testExecutions>